<?xml version="1.0" encoding="UTF-8"?>
<testsuite xmlns:xsi="http://www.w3.org/2001/XMLSchema-instance" xsi:noNamespaceSchemaLocation="https://maven.apache.org/surefire/maven-surefire-plugin/xsd/surefire-test-report-3.0.xsd" version="3.0" name="timeMaster.EmployeeTest" time="0.01" tests="4" errors="0" skipped="0" failures="0">
  <properties>
[...]
</properties>
  <testcase name="idTest" classname="timeMaster.EmployeeTest" time="0.001"/>
  <testcase name="addWorkdaysTest" classname="timeMaster.EmployeeTest" time="0.001"/>
  <testcase name="addDuplicateWorkdayTest" classname="timeMaster.EmployeeTest" time="0.003"/>
  <testcase name="nameTest" classname="timeMaster.EmployeeTest" time="0"/>
</testsuite>